0 info it worked if it ends with ok
1 verbose cli [ 'D:\\program\\nodejs\\\\node.exe',
1 verbose cli   'D:\\program\\nodejs\\node_modules\\npm\\bin\\npm-cli.js',
1 verbose cli   'install' ]
2 info using npm@1.4.28
3 info using node@v0.10.33
4 verbose node symlink D:\program\nodejs\\node.exe
5 error Error: ENOENT, stat 'C:\Users\LJ\AppData\Roaming\npm'
6 error If you need help, you may report this *entire* log,
6 error including the npm and node versions, at:
6 error     <http://github.com/npm/npm/issues>
7 error System Windows_NT 6.1.7600
8 error command "D:\\program\\nodejs\\\\node.exe" "D:\\program\\nodejs\\node_modules\\npm\\bin\\npm-cli.js" "install"
9 error cwd d:\Dokumen\_webdev\belajarNodeJs
10 error node -v v0.10.33
11 error npm -v 1.4.28
12 error path C:\Users\LJ\AppData\Roaming\npm
13 error code ENOENT
14 error errno 34
15 verbose exit [ 34, true ]
